<?xml version="1.0" encoding="UTF-8"?>
<!-- Generated by org.testng.reporters.JUnitXMLReporter -->
<testsuite ignored="24" hostname="DESKTOP-PTF1H2O" failures="3" tests="8" name="RegressionSuite" time="1091.631" errors="0" timestamp="2023-12-11T13:58:27 IST">
  <testcase classname="com.buildpiper.testcases.LenskartScan" name="HealthCheck" time="6.197">
    <failure type="java.lang.AssertionError" message="expected [true] but found [false]">
      <![CDATA[java.lang.AssertionError: expected [true] but found [false]
at com.buildpiper.pages.HomePage.HealthQueue(HomePage.java:45)
at com.buildpiper.testcases.LenskartScan.HealthCheck(LenskartScan.java:58)
at java.base/java.util.ArrayList.forEach(ArrayList.java:1511)
... Removed 30 stack frames]]>
    </failure>
  </testcase> <!-- HealthCheck -->
  <testcase classname="com.buildpiper.testcases.LenskartScan" name="LoginViaCreds" time="8.487"/>
  <testcase classname="com.buildpiper.testcases.LenskartScan" name="LoginViaGitLab" time="17.572"/>
  <testcase classname="com.buildpiper.testcases.LenskartScan" name="ManualBuildandDeployHelmService" time="462.211">
    <failure type="org.openqa.selenium.NoSuchElementException" message="no such element: Unable to locate element: {&amp;quot;method&amp;quot;:&amp;quot;xpath&amp;quot;,&amp;quot;selector&amp;quot;:&amp;quot;//span[text()=&amp;apos;QA&amp;apos;]/../span[2]/following-sibling::span&amp;quot;}
  (Session info: chrome=120.0.6099.71)
For documentation on this error, please visit: https://www.seleniumhq.org/exceptions/no_such_element.html
Build info: version: &amp;apos;3.141.59&amp;apos;, revision: &amp;apos;e82be7d358&amp;apos;, time: &amp;apos;2018-11-14T08:17:03&amp;apos;
System info: host: &amp;apos;DESKTOP-PTF1H2O&amp;apos;, ip: &amp;apos;10.8.0.88&amp;apos;, os.name: &amp;apos;Windows 10&amp;apos;, os.arch: &amp;apos;amd64&amp;apos;, os.version: &amp;apos;10.0&amp;apos;, java.version: &amp;apos;19.0.1&amp;apos;
Driver info: org.openqa.selenium.chrome.ChromeDriver
Capabilities {acceptInsecureCerts: false, browserName: chrome, browserVersion: 120.0.6099.71, chrome: {chromedriverVersion: 120.0.6099.71 (9729082fe617..., userDataDir: C:\Users\Rahul\AppData\Loca...}, fedcm:accounts: true, goog:chromeOptions: {debuggerAddress: localhost:63504}, javascriptEnabled: true, networkConnectionEnabled: false, pageLoadStrategy: normal, platform: WINDOWS, platformName: WINDOWS, proxy: Proxy(), setWindowRect: true, strictFileInteractability: false, timeouts: {implicit: 0, pageLoad: 300000, script: 30000}, unhandledPromptBehavior: dismiss and notify, webauthn:extension:credBlob: true, webauthn:extension:largeBlob: true, webauthn:extension:minPinLength: true, webauthn:extension:prf: true, webauthn:virtualAuthenticators: true}
Session ID: ce83ad2e16c000df9d82b97431ccbe5c
*** Element info: {Using=xpath, value=//span[text()=&amp;apos;QA&amp;apos;]/../span[2]/following-sibling::span}">
      <![CDATA[org.openqa.selenium.NoSuchElementException: no such element: Unable to locate element: {"method":"xpath","selector":"//span[text()='QA']/../span[2]/following-sibling::span"}
  (Session info: chrome=120.0.6099.71)
For documentation on this error, please visit: https://www.seleniumhq.org/exceptions/no_such_element.html
Build info: version: '3.141.59', revision: 'e82be7d358', time: '2018-11-14T08:17:03'
System info: host: 'DESKTOP-PTF1H2O', ip: '10.8.0.88', os.name: 'Windows 10', os.arch: 'amd64', os.version: '10.0', java.version: '19.0.1'
Driver info: org.openqa.selenium.chrome.ChromeDriver
Capabilities {acceptInsecureCerts: false, browserName: chrome, browserVersion: 120.0.6099.71, chrome: {chromedriverVersion: 120.0.6099.71 (9729082fe617..., userDataDir: C:\Users\Rahul\AppData\Loca...}, fedcm:accounts: true, goog:chromeOptions: {debuggerAddress: localhost:63504}, javascriptEnabled: true, networkConnectionEnabled: false, pageLoadStrategy: normal, platform: WINDOWS, platformName: WINDOWS, proxy: Proxy(), setWindowRect: true, strictFileInteractability: false, timeouts: {implicit: 0, pageLoad: 300000, script: 30000}, unhandledPromptBehavior: dismiss and notify, webauthn:extension:credBlob: true, webauthn:extension:largeBlob: true, webauthn:extension:minPinLength: true, webauthn:extension:prf: true, webauthn:virtualAuthenticators: true}
Session ID: ce83ad2e16c000df9d82b97431ccbe5c
*** Element info: {Using=xpath, value=//span[text()='QA']/../span[2]/following-sibling::span}
at org.openqa.selenium.remote.http.W3CHttpResponseCodec.createException(W3CHttpResponseCodec.java:187)
at org.openqa.selenium.remote.http.W3CHttpResponseCodec.decode(W3CHttpResponseCodec.java:122)
at org.openqa.selenium.remote.http.W3CHttpResponseCodec.decode(W3CHttpResponseCodec.java:49)
at org.openqa.selenium.remote.HttpCommandExecutor.execute(HttpCommandExecutor.java:158)
at org.openqa.selenium.remote.service.DriverCommandExecutor.execute(DriverCommandExecutor.java:83)
at org.openqa.selenium.remote.RemoteWebDriver.execute(RemoteWebDriver.java:552)
at org.openqa.selenium.remote.RemoteWebDriver.findElement(RemoteWebDriver.java:323)
at org.openqa.selenium.remote.RemoteWebDriver.findElementByXPath(RemoteWebDriver.java:428)
at org.openqa.selenium.By$ByXPath.findElement(By.java:353)
at org.openqa.selenium.remote.RemoteWebDriver.findElement(RemoteWebDriver.java:315)
at com.buildpiper.pages.ServiceCreationPage.switchEnvironmentTab(ServiceCreationPage.java:1453)
at com.buildpiper.testcases.LenskartScan.ManualBuildandDeployHelmService(LenskartScan.java:216)
at java.base/java.util.ArrayList.forEach(ArrayList.java:1511)
... Removed 28 stack frames]]>
    </failure>
  </testcase> <!-- ManualBuildandDeployHelmService -->
  <testcase classname="com.buildpiper.testcases.ServiceCreationTestcases" name="BuildDeployAlternate" time="158.754"/>
  <testcase classname="com.buildpiper.testcases.JobExecutionActivityTestcases" name="ActivityFilterby_Status" time="173.617"/>
  <testcase classname="com.buildpiper.testcases.JobExecutionActivityTestcases" name="ActivityFilterby_Users" time="108.529">
    <failure type="org.openqa.selenium.NoSuchElementException" message="no such element: Unable to locate element: {&amp;quot;method&amp;quot;:&amp;quot;xpath&amp;quot;,&amp;quot;selector&amp;quot;:&amp;quot;//input[@name=&amp;apos;1&amp;apos;]&amp;quot;}
  (Session info: chrome=120.0.6099.71)
For documentation on this error, please visit: https://www.seleniumhq.org/exceptions/no_such_element.html
Build info: version: &amp;apos;3.141.59&amp;apos;, revision: &amp;apos;e82be7d358&amp;apos;, time: &amp;apos;2018-11-14T08:17:03&amp;apos;
System info: host: &amp;apos;DESKTOP-PTF1H2O&amp;apos;, ip: &amp;apos;10.8.0.88&amp;apos;, os.name: &amp;apos;Windows 10&amp;apos;, os.arch: &amp;apos;amd64&amp;apos;, os.version: &amp;apos;10.0&amp;apos;, java.version: &amp;apos;19.0.1&amp;apos;
Driver info: org.openqa.selenium.chrome.ChromeDriver
Capabilities {acceptInsecureCerts: false, browserName: chrome, browserVersion: 120.0.6099.71, chrome: {chromedriverVersion: 120.0.6099.71 (9729082fe617..., userDataDir: C:\Users\Rahul\AppData\Loca...}, fedcm:accounts: true, goog:chromeOptions: {debuggerAddress: localhost:63761}, javascriptEnabled: true, networkConnectionEnabled: false, pageLoadStrategy: normal, platform: WINDOWS, platformName: WINDOWS, proxy: Proxy(), setWindowRect: true, strictFileInteractability: false, timeouts: {implicit: 0, pageLoad: 300000, script: 30000}, unhandledPromptBehavior: dismiss and notify, webauthn:extension:credBlob: true, webauthn:extension:largeBlob: true, webauthn:extension:minPinLength: true, webauthn:extension:prf: true, webauthn:virtualAuthenticators: true}
Session ID: b4cc1a392a6c9c7f8108ca1d0cc0130b
*** Element info: {Using=xpath, value=//input[@name=&amp;apos;1&amp;apos;]}">
      <![CDATA[org.openqa.selenium.NoSuchElementException: no such element: Unable to locate element: {"method":"xpath","selector":"//input[@name='1']"}
  (Session info: chrome=120.0.6099.71)
For documentation on this error, please visit: https://www.seleniumhq.org/exceptions/no_such_element.html
Build info: version: '3.141.59', revision: 'e82be7d358', time: '2018-11-14T08:17:03'
System info: host: 'DESKTOP-PTF1H2O', ip: '10.8.0.88', os.name: 'Windows 10', os.arch: 'amd64', os.version: '10.0', java.version: '19.0.1'
Driver info: org.openqa.selenium.chrome.ChromeDriver
Capabilities {acceptInsecureCerts: false, browserName: chrome, browserVersion: 120.0.6099.71, chrome: {chromedriverVersion: 120.0.6099.71 (9729082fe617..., userDataDir: C:\Users\Rahul\AppData\Loca...}, fedcm:accounts: true, goog:chromeOptions: {debuggerAddress: localhost:63761}, javascriptEnabled: true, networkConnectionEnabled: false, pageLoadStrategy: normal, platform: WINDOWS, platformName: WINDOWS, proxy: Proxy(), setWindowRect: true, strictFileInteractability: false, timeouts: {implicit: 0, pageLoad: 300000, script: 30000}, unhandledPromptBehavior: dismiss and notify, webauthn:extension:credBlob: true, webauthn:extension:largeBlob: true, webauthn:extension:minPinLength: true, webauthn:extension:prf: true, webauthn:virtualAuthenticators: true}
Session ID: b4cc1a392a6c9c7f8108ca1d0cc0130b
*** Element info: {Using=xpath, value=//input[@name='1']}
at org.openqa.selenium.remote.http.W3CHttpResponseCodec.createException(W3CHttpResponseCodec.java:187)
at org.openqa.selenium.remote.http.W3CHttpResponseCodec.decode(W3CHttpResponseCodec.java:122)
at org.openqa.selenium.remote.http.W3CHttpResponseCodec.decode(W3CHttpResponseCodec.java:49)
at org.openqa.selenium.remote.HttpCommandExecutor.execute(HttpCommandExecutor.java:158)
at org.openqa.selenium.remote.service.DriverCommandExecutor.execute(DriverCommandExecutor.java:83)
at org.openqa.selenium.remote.RemoteWebDriver.execute(RemoteWebDriver.java:552)
at org.openqa.selenium.remote.RemoteWebDriver.findElement(RemoteWebDriver.java:323)
at org.openqa.selenium.remote.RemoteWebDriver.findElementByXPath(RemoteWebDriver.java:428)
at org.openqa.selenium.By$ByXPath.findElement(By.java:353)
at org.openqa.selenium.remote.RemoteWebDriver.findElement(RemoteWebDriver.java:315)
at org.openqa.selenium.support.pagefactory.DefaultElementLocator.findElement(DefaultElementLocator.java:69)
at org.openqa.selenium.support.pagefactory.internal.LocatingElementHandler.invoke(LocatingElementHandler.java:38)
at jdk.proxy2/jdk.proxy2.$Proxy25.isDisplayed(Unknown Source)
at com.buildpiper.capabilities.UICapability.ui_IsElementDisplay(UICapability.java:193)
at com.buildpiper.capabilities.UICapability.ui_click(UICapability.java:68)
at com.buildpiper.base.Capability.ui_click(Capability.java:69)
at com.buildpiper.pages.JobExecutionActivity.ActivityFilterby_Users(JobExecutionActivity.java:383)
at com.buildpiper.testcases.JobExecutionActivityTestcases.ActivityFilterby_Users(JobExecutionActivityTestcases.java:107)
at java.base/java.util.ArrayList.forEach(ArrayList.java:1511)
... Removed 28 stack frames]]>
    </failure>
  </testcase> <!-- ActivityFilterby_Users -->
  <testcase classname="com.buildpiper.testcases.JobExecutionActivityTestcases" name="PaginationCheck" time="41.506"/>
  <testcase classname="com.buildpiper.base.TestBase" name="@BeforeSuite setUp" time="0.0">
    <ignored/>
  </testcase> <!-- @BeforeSuite setUp -->
  <testcase classname="com.buildpiper.base.TestBase" name="@BeforeSuite setUp" time="0.0">
    <ignored/>
  </testcase> <!-- @BeforeSuite setUp -->
  <testcase classname="com.buildpiper.testcases.ServiceCreationTestcases" name="ServiceOverviewSearch" time="0.0">
    <ignored/>
  </testcase> <!-- ServiceOverviewSearch -->
  <testcase classname="com.buildpiper.testcases.LenskartScan" name="HistoryPipeline" time="0.0">
    <ignored/>
  </testcase> <!-- HistoryPipeline -->
  <testcase classname="com.buildpiper.testcases.LenskartScan" name="JobStatusInsidePipleineforMultipleService" time="0.0">
    <ignored/>
  </testcase> <!-- JobStatusInsidePipleineforMultipleService -->
  <testcase classname="com.buildpiper.testcases.JobExecutionActivityTestcases" name="VerifyResetandClearSelection" time="0.0">
    <ignored/>
  </testcase> <!-- VerifyResetandClearSelection -->
  <testcase classname="com.buildpiper.testcases.JobExecutionActivityTestcases" name="ActivityFilterby_Environment" time="0.0">
    <ignored/>
  </testcase> <!-- ActivityFilterby_Environment -->
  <testcase classname="com.buildpiper.testcases.LenskartScan" name="RunwithParameterPipeline" time="0.0">
    <ignored/>
  </testcase> <!-- RunwithParameterPipeline -->
  <testcase classname="com.buildpiper.testcases.JobExecutionActivityTestcases" name="ActivityFilterby_App" time="0.0">
    <ignored/>
  </testcase> <!-- ActivityFilterby_App -->
  <testcase classname="com.buildpiper.testcases.LenskartScan" name="UserportalGeneral" time="0.0">
    <ignored/>
  </testcase> <!-- UserportalGeneral -->
  <testcase classname="com.buildpiper.testcases.ServiceCreationTestcases" name="CreateSesrviceNegativeTest1" time="0.0">
    <ignored/>
  </testcase> <!-- CreateSesrviceNegativeTest1 -->
  <testcase classname="com.buildpiper.testcases.LenskartScan" name="PagginationofAllModules" time="0.0">
    <ignored/>
  </testcase> <!-- PagginationofAllModules -->
  <testcase classname="com.buildpiper.testcases.ServiceCreationTestcases" name="createHelmService" time="0.0">
    <ignored/>
  </testcase> <!-- createHelmService -->
  <testcase classname="com.buildpiper.testcases.ServiceCreationTestcases" name="createServ" time="0.0">
    <ignored/>
  </testcase> <!-- createServ -->
  <testcase classname="com.buildpiper.testcases.LenskartScan" name="BannerTest" time="0.0">
    <ignored/>
  </testcase> <!-- BannerTest -->
  <testcase classname="com.buildpiper.base.TestBase" name="@AfterTest tearDown" time="0.0">
    <ignored/>
  </testcase> <!-- @AfterTest tearDown -->
  <testcase classname="com.buildpiper.base.TestBase" name="@AfterTest tearDown" time="0.0">
    <ignored/>
  </testcase> <!-- @AfterTest tearDown -->
  <testcase classname="com.buildpiper.base.TestBase" name="@BeforeTest Reportsetup" time="0.0">
    <ignored/>
  </testcase> <!-- @BeforeTest Reportsetup -->
  <testcase classname="com.buildpiper.base.TestBase" name="@BeforeTest Reportsetup" time="0.0">
    <ignored/>
  </testcase> <!-- @BeforeTest Reportsetup -->
  <testcase classname="com.buildpiper.testcases.JobExecutionActivityTestcases" name="VerifyServiceLink" time="0.0">
    <ignored/>
  </testcase> <!-- VerifyServiceLink -->
  <testcase classname="com.buildpiper.testcases.LenskartScan" name="EditService" time="0.0">
    <ignored/>
  </testcase> <!-- EditService -->
  <testcase classname="com.buildpiper.testcases.LenskartScan" name="EditEnvironment" time="0.0">
    <ignored/>
  </testcase> <!-- EditEnvironment -->
  <testcase classname="com.buildpiper.testcases.LenskartScan" name="EditPipeline" time="0.0">
    <ignored/>
  </testcase> <!-- EditPipeline -->
  <testcase classname="com.buildpiper.testcases.ServiceCreationTestcases" name="CreateBuildXService" time="0.0">
    <ignored/>
  </testcase> <!-- CreateBuildXService -->
</testsuite> <!-- RegressionSuite -->
